
*** Running vivado
    with args -log OTTER_Wrapper.vds -m64 -product Vivado -mode batch -messageDb vivado.pb -notrace -source OTTER_Wrapper.tcl



****** Vivado v2022.2 (64-bit)
  **** SW Build 3671981 on Fri Oct 14 05:00:03 MDT 2022
  **** IP Build 3669848 on Fri Oct 14 08:30:02 MDT 2022
    ** Copyright 1986-2022 Xilinx, Inc. All Rights Reserved.

source OTTER_Wrapper.tcl -notrace
Command: read_checkpoint -auto_incremental -incremental C:/Users/Armaan/RISCV/RISCV.srcs/utils_1/imports/synth_1/OTTER_Wrapper.dcp
INFO: [Vivado 12-5825] Read reference checkpoint from C:/Users/Armaan/RISCV/RISCV.srcs/utils_1/imports/synth_1/OTTER_Wrapper.dcp for incremental synthesis
INFO: [Vivado 12-7989] Please ensure there are no constraint changes
Command: synth_design -top OTTER_Wrapper -part xc7a35tcpg236-1
Starting synth_design
Attempting to get a license for feature 'Synthesis' and/or device 'xc7a35t'
INFO: [Common 17-349] Got license for feature 'Synthesis' and/or device 'xc7a35t'
INFO: [Device 21-403] Loading part xc7a35tcpg236-1
INFO: [Designutils 20-5440] No compile time benefit to using incremental synthesis; A full resynthesis will be run
INFO: [Designutils 20-4379] Flow is switching to default flow due to incremental criteria not met. If you would like to alter this behaviour and have the flow terminate instead, please set the following parameter config_implementation {autoIncr.Synth.RejectBehavior Terminate}
INFO: [Synth 8-7079] Multithreading enabled for synth_design using a maximum of 2 processes.
INFO: [Synth 8-7078] Launching helper process for spawning children vivado processes
INFO: [Synth 8-7075] Helper process launched with PID 17536
INFO: [Synth 8-11241] undeclared symbol 'REGCCE', assumed default net type 'wire' [C:/Xilinx/Vivado/2022.2/data/verilog/src/unimacro/BRAM_SINGLE_MACRO.v:2170]
---------------------------------------------------------------------------------
Starting RTL Elaboration : Time (s): cpu = 00:00:05 ; elapsed = 00:00:04 . Memory (MB): peak = 1205.801 ; gain = 408.789
---------------------------------------------------------------------------------
INFO: [Synth 8-6157] synthesizing module 'OTTER_Wrapper' [C:/Users/Armaan/RISCV/RISCV.srcs/sources_1/imports/riscv/OTTER_Wrapper_v1_08.sv:27]
INFO: [Synth 8-6157] synthesizing module 'OTTER_MCU' [C:/Users/Armaan/RISCV/RISCV.srcs/sources_1/imports/riscv/OTTER_MCU.sv:3]
INFO: [Synth 8-226] default block is never used [C:/Users/Armaan/RISCV/RISCV.srcs/sources_1/imports/riscv/OTTER_MCU.sv:46]
INFO: [Synth 8-226] default block is never used [C:/Users/Armaan/RISCV/RISCV.srcs/sources_1/imports/riscv/OTTER_MCU.sv:66]
INFO: [Synth 8-226] default block is never used [C:/Users/Armaan/RISCV/RISCV.srcs/sources_1/imports/riscv/OTTER_MCU.sv:74]
INFO: [Synth 8-6157] synthesizing module 'PC' [C:/Users/Armaan/RISCV/RISCV.srcs/sources_1/imports/riscv/PC.sv:2]
INFO: [Synth 8-6155] done synthesizing module 'PC' (0#1) [C:/Users/Armaan/RISCV/RISCV.srcs/sources_1/imports/riscv/PC.sv:2]
INFO: [Synth 8-6157] synthesizing module 'Memory' [C:/Users/Armaan/RISCV/RISCV.srcs/sources_1/imports/riscv/otter_memory_v1_06.sv:47]
INFO: [Synth 8-3876] $readmem data file 'otter_memory.mem' is read successfully [C:/Users/Armaan/RISCV/RISCV.srcs/sources_1/imports/riscv/otter_memory_v1_06.sv:72]
INFO: [Synth 8-155] case statement is not full and has no default [C:/Users/Armaan/RISCV/RISCV.srcs/sources_1/imports/riscv/otter_memory_v1_06.sv:94]
INFO: [Synth 8-6155] done synthesizing module 'Memory' (0#1) [C:/Users/Armaan/RISCV/RISCV.srcs/sources_1/imports/riscv/otter_memory_v1_06.sv:47]
INFO: [Synth 8-6157] synthesizing module 'RegFile' [C:/Users/Armaan/RISCV/RISCV.srcs/sources_1/imports/riscv/reg_file_v_1_01.sv:36]
INFO: [Synth 8-6155] done synthesizing module 'RegFile' (0#1) [C:/Users/Armaan/RISCV/RISCV.srcs/sources_1/imports/riscv/reg_file_v_1_01.sv:36]
INFO: [Synth 8-6157] synthesizing module 'IMMEDIATE_GENERATOR' [C:/Users/Armaan/RISCV/RISCV.srcs/sources_1/imports/riscv/immedgen.v:3]
INFO: [Synth 8-6155] done synthesizing module 'IMMEDIATE_GENERATOR' (0#1) [C:/Users/Armaan/RISCV/RISCV.srcs/sources_1/imports/riscv/immedgen.v:3]
INFO: [Synth 8-6157] synthesizing module 'BRANCH_ADDRESS_GENERATOR' [C:/Users/Armaan/RISCV/RISCV.srcs/sources_1/imports/riscv/branchgen.v:16]
INFO: [Synth 8-6155] done synthesizing module 'BRANCH_ADDRESS_GENERATOR' (0#1) [C:/Users/Armaan/RISCV/RISCV.srcs/sources_1/imports/riscv/branchgen.v:16]
INFO: [Synth 8-6157] synthesizing module 'alu' [C:/Users/Armaan/RISCV/RISCV.srcs/sources_1/imports/riscv/exp_3_alu.v:12]
INFO: [Synth 8-6155] done synthesizing module 'alu' (0#1) [C:/Users/Armaan/RISCV/RISCV.srcs/sources_1/imports/riscv/exp_3_alu.v:12]
INFO: [Synth 8-6157] synthesizing module 'CU_FSM' [C:/Users/Armaan/RISCV/RISCV.srcs/sources_1/imports/riscv/control_unit_fsm_v_1_07.sv:44]
INFO: [Synth 8-226] default block is never used [C:/Users/Armaan/RISCV/RISCV.srcs/sources_1/imports/riscv/control_unit_fsm_v_1_07.sv:96]
INFO: [Synth 8-6155] done synthesizing module 'CU_FSM' (0#1) [C:/Users/Armaan/RISCV/RISCV.srcs/sources_1/imports/riscv/control_unit_fsm_v_1_07.sv:44]
INFO: [Synth 8-6157] synthesizing module 'CU_DCDR' [C:/Users/Armaan/RISCV/RISCV.srcs/sources_1/imports/riscv/control_unit_dcdr_v_1_05.sv:41]
INFO: [Synth 8-6155] done synthesizing module 'CU_DCDR' (0#1) [C:/Users/Armaan/RISCV/RISCV.srcs/sources_1/imports/riscv/control_unit_dcdr_v_1_05.sv:41]
INFO: [Synth 8-6155] done synthesizing module 'OTTER_MCU' (0#1) [C:/Users/Armaan/RISCV/RISCV.srcs/sources_1/imports/riscv/OTTER_MCU.sv:3]
INFO: [Synth 8-155] case statement is not full and has no default [C:/Users/Armaan/RISCV/RISCV.srcs/sources_1/imports/riscv/OTTER_Wrapper_v1_08.sv:80]
INFO: [Synth 8-6155] done synthesizing module 'OTTER_Wrapper' (0#1) [C:/Users/Armaan/RISCV/RISCV.srcs/sources_1/imports/riscv/OTTER_Wrapper_v1_08.sv:27]
WARNING: [Synth 8-7129] Port br_eq in module CU_DCDR is either unconnected or has no load
WARNING: [Synth 8-7129] Port br_lt in module CU_DCDR is either unconnected or has no load
WARNING: [Synth 8-7129] Port br_ltu in module CU_DCDR is either unconnected or has no load
WARNING: [Synth 8-7129] Port func7 in module CU_DCDR is either unconnected or has no load
WARNING: [Synth 8-7129] Port intr in module CU_FSM is either unconnected or has no load
WARNING: [Synth 8-7129] Port ir[6] in module IMMEDIATE_GENERATOR is either unconnected or has no load
WARNING: [Synth 8-7129] Port ir[5] in module IMMEDIATE_GENERATOR is either unconnected or has no load
WARNING: [Synth 8-7129] Port ir[4] in module IMMEDIATE_GENERATOR is either unconnected or has no load
WARNING: [Synth 8-7129] Port ir[3] in module IMMEDIATE_GENERATOR is either unconnected or has no load
WARNING: [Synth 8-7129] Port ir[2] in module IMMEDIATE_GENERATOR is either unconnected or has no load
WARNING: [Synth 8-7129] Port ir[1] in module IMMEDIATE_GENERATOR is either unconnected or has no load
WARNING: [Synth 8-7129] Port ir[0] in module IMMEDIATE_GENERATOR is either unconnected or has no load
---------------------------------------------------------------------------------
Finished RTL Elaboration : Time (s): cpu = 00:00:06 ; elapsed = 00:00:06 . Memory (MB): peak = 1311.617 ; gain = 514.605
---------------------------------------------------------------------------------
---------------------------------------------------------------------------------
Start Handling Custom Attributes
---------------------------------------------------------------------------------
---------------------------------------------------------------------------------
Finished Handling Custom Attributes : Time (s): cpu = 00:00:06 ; elapsed = 00:00:06 . Memory (MB): peak = 1311.617 ; gain = 514.605
---------------------------------------------------------------------------------
---------------------------------------------------------------------------------
Finished RTL Optimization Phase 1 : Time (s): cpu = 00:00:06 ; elapsed = 00:00:06 . Memory (MB): peak = 1311.617 ; gain = 514.605
---------------------------------------------------------------------------------
Netlist sorting complete. Time (s): cpu = 00:00:00 ; elapsed = 00:00:00.018 . Memory (MB): peak = 1311.617 ; gain = 0.000
INFO: [Project 1-570] Preparing netlist for logic optimization

Processing XDC Constraints
Initializing timing engine
Parsing XDC File [C:/Users/Armaan/RISCV/RISCV.srcs/constrs_1/imports/riscv/Basys3_RISCV_simple.xdc]
Finished Parsing XDC File [C:/Users/Armaan/RISCV/RISCV.srcs/constrs_1/imports/riscv/Basys3_RISCV_simple.xdc]
INFO: [Project 1-236] Implementation specific constraints were found while reading constraint file [C:/Users/Armaan/RISCV/RISCV.srcs/constrs_1/imports/riscv/Basys3_RISCV_simple.xdc]. These constraints will be ignored for synthesis but will be used in implementation. Impacted constraints are listed in the file [.Xil/OTTER_Wrapper_propImpl.xdc].
Resolution: To avoid this warning, move constraints listed in [.Xil/OTTER_Wrapper_propImpl.xdc] to another XDC file and exclude this new file from synthesis with the used_in_synthesis property (File Properties dialog in GUI) and re-run elaboration/synthesis.
Completed Processing XDC Constraints

Netlist sorting complete. Time (s): cpu = 00:00:00 ; elapsed = 00:00:00 . Memory (MB): peak = 1329.766 ; gain = 0.000
INFO: [Project 1-111] Unisim Transformation Summary:
No Unisim elements were transformed.

Constraint Validation Runtime : Time (s): cpu = 00:00:00 ; elapsed = 00:00:00.002 . Memory (MB): peak = 1329.766 ; gain = 0.000
INFO: [Designutils 20-5440] No compile time benefit to using incremental synthesis; A full resynthesis will be run
INFO: [Designutils 20-4379] Flow is switching to default flow due to incremental criteria not met. If you would like to alter this behaviour and have the flow terminate instead, please set the following parameter config_implementation {autoIncr.Synth.RejectBehavior Terminate}
INFO: [Synth 8-11241] undeclared symbol 'REGCCE', assumed default net type 'wire' [C:/Xilinx/Vivado/2022.2/data/verilog/src/unimacro/BRAM_SINGLE_MACRO.v:2170]
---------------------------------------------------------------------------------
Finished Constraint Validation : Time (s): cpu = 00:00:13 ; elapsed = 00:00:13 . Memory (MB): peak = 1329.766 ; gain = 532.754
---------------------------------------------------------------------------------
---------------------------------------------------------------------------------
Start Loading Part and Timing Information
---------------------------------------------------------------------------------
Loading part: xc7a35tcpg236-1
---------------------------------------------------------------------------------
Finished Loading Part and Timing Information : Time (s): cpu = 00:00:13 ; elapsed = 00:00:13 . Memory (MB): peak = 1329.766 ; gain = 532.754
---------------------------------------------------------------------------------
---------------------------------------------------------------------------------
Start Applying 'set_property' XDC Constraints
---------------------------------------------------------------------------------
---------------------------------------------------------------------------------
Finished applying 'set_property' XDC Constraints : Time (s): cpu = 00:00:13 ; elapsed = 00:00:13 . Memory (MB): peak = 1329.766 ; gain = 532.754
---------------------------------------------------------------------------------
INFO: [Synth 8-802] inferred FSM for state register 'PS_reg' in module 'CU_FSM'
INFO: [Synth 8-7030] Implemented Non-Cascaded Block Ram (cascade_height = 1) of width 32 for RAM "Memory:/memory_reg"
INFO: [Synth 8-7030] Implemented Non-Cascaded Block Ram (cascade_height = 1) of width 32 for RAM "Memory:/memory_reg"
INFO: [Synth 8-7030] Implemented Non-Cascaded Block Ram (cascade_height = 1) of width 32 for RAM "Memory:/memory_reg"
INFO: [Synth 8-7030] Implemented Non-Cascaded Block Ram (cascade_height = 1) of width 32 for RAM "Memory:/memory_reg"
INFO: [Synth 8-7030] Implemented Non-Cascaded Block Ram (cascade_height = 1) of width 32 for RAM "Memory:/memory_reg"
INFO: [Synth 8-7030] Implemented Non-Cascaded Block Ram (cascade_height = 1) of width 32 for RAM "Memory:/memory_reg"
INFO: [Synth 8-7030] Implemented Non-Cascaded Block Ram (cascade_height = 1) of width 32 for RAM "Memory:/memory_reg"
INFO: [Synth 8-7030] Implemented Non-Cascaded Block Ram (cascade_height = 1) of width 32 for RAM "Memory:/memory_reg"
INFO: [Synth 8-7030] Implemented Non-Cascaded Block Ram (cascade_height = 1) of width 32 for RAM "Memory:/memory_reg"
INFO: [Synth 8-7030] Implemented Non-Cascaded Block Ram (cascade_height = 1) of width 32 for RAM "Memory:/memory_reg"
INFO: [Synth 8-7030] Implemented Non-Cascaded Block Ram (cascade_height = 1) of width 32 for RAM "Memory:/memory_reg"
INFO: [Synth 8-7030] Implemented Non-Cascaded Block Ram (cascade_height = 1) of width 32 for RAM "Memory:/memory_reg"
INFO: [Synth 8-7030] Implemented Non-Cascaded Block Ram (cascade_height = 1) of width 32 for RAM "Memory:/memory_reg"
INFO: [Synth 8-7030] Implemented Non-Cascaded Block Ram (cascade_height = 1) of width 32 for RAM "Memory:/memory_reg"
INFO: [Synth 8-7030] Implemented Non-Cascaded Block Ram (cascade_height = 1) of width 32 for RAM "Memory:/memory_reg"
INFO: [Synth 8-7030] Implemented Non-Cascaded Block Ram (cascade_height = 1) of width 32 for RAM "Memory:/memory_reg"
---------------------------------------------------------------------------------------------------
                   State |                     New Encoding |                Previous Encoding 
---------------------------------------------------------------------------------------------------
                 st_INIT |                             0001 |                               00
                  st_FET |                             0010 |                               01
                   st_EX |                             0100 |                               10
                   st_WB |                             1000 |                               11
---------------------------------------------------------------------------------------------------
INFO: [Synth 8-3354] encoded FSM with state register 'PS_reg' using encoding 'one-hot' in module 'CU_FSM'
---------------------------------------------------------------------------------
Finished RTL Optimization Phase 2 : Time (s): cpu = 00:00:13 ; elapsed = 00:00:13 . Memory (MB): peak = 1329.766 ; gain = 532.754
---------------------------------------------------------------------------------
---------------------------------------------------------------------------------
Start RTL Component Statistics 
---------------------------------------------------------------------------------
Detailed RTL Component Info : 
+---Adders : 
	   2 Input   32 Bit       Adders := 5     
	   3 Input   32 Bit       Adders := 1     
+---XORs : 
	   2 Input     32 Bit         XORs := 1     
+---Registers : 
	               32 Bit    Registers := 4     
	               16 Bit    Registers := 1     
	                8 Bit    Registers := 1     
	                4 Bit    Registers := 1     
	                1 Bit    Registers := 1     
+---RAMs : 
	             512K Bit	(16384 X 32 bit)          RAMs := 1     
	             1024 Bit	(32 X 32 bit)          RAMs := 1     
+---Muxes : 
	   9 Input   32 Bit        Muxes := 2     
	  16 Input   32 Bit        Muxes := 1     
	   2 Input   32 Bit        Muxes := 3     
	   4 Input   32 Bit        Muxes := 3     
	   3 Input   32 Bit        Muxes := 1     
	   4 Input    4 Bit        Muxes := 1     
	   8 Input    4 Bit        Muxes := 1     
	   7 Input    4 Bit        Muxes := 1     
	   7 Input    2 Bit        Muxes := 3     
	   2 Input    2 Bit        Muxes := 1     
	   9 Input    1 Bit        Muxes := 1     
	   8 Input    1 Bit        Muxes := 3     
	   4 Input    1 Bit        Muxes := 6     
	   7 Input    1 Bit        Muxes := 1     
	   2 Input    1 Bit        Muxes := 4     
---------------------------------------------------------------------------------
Finished RTL Component Statistics 
---------------------------------------------------------------------------------
---------------------------------------------------------------------------------
Start Part Resource Summary
---------------------------------------------------------------------------------
Part Resources:
DSPs: 90 (col length:60)
BRAMs: 100 (col length: RAMB18 60 RAMB36 30)
---------------------------------------------------------------------------------
Finished Part Resource Summary
---------------------------------------------------------------------------------
---------------------------------------------------------------------------------
Start Cross Boundary and Area Optimization
---------------------------------------------------------------------------------
WARNING: [Synth 8-7080] Parallel synthesis criteria is not met
WARNING: [Synth 8-7129] Port intr in module OTTER_MCU is either unconnected or has no load
INFO: [Synth 8-7030] Implemented Non-Cascaded Block Ram (cascade_height = 1) of width 32 for RAM "OTTER_Wrapper/my_otter/OTTER_MEMORY/memory_reg"
INFO: [Synth 8-7030] Implemented Non-Cascaded Block Ram (cascade_height = 1) of width 32 for RAM "OTTER_Wrapper/my_otter/OTTER_MEMORY/memory_reg"
INFO: [Synth 8-7030] Implemented Non-Cascaded Block Ram (cascade_height = 1) of width 32 for RAM "OTTER_Wrapper/my_otter/OTTER_MEMORY/memory_reg"
INFO: [Synth 8-7030] Implemented Non-Cascaded Block Ram (cascade_height = 1) of width 32 for RAM "OTTER_Wrapper/my_otter/OTTER_MEMORY/memory_reg"
INFO: [Synth 8-7030] Implemented Non-Cascaded Block Ram (cascade_height = 1) of width 32 for RAM "OTTER_Wrapper/my_otter/OTTER_MEMORY/memory_reg"
INFO: [Synth 8-7030] Implemented Non-Cascaded Block Ram (cascade_height = 1) of width 32 for RAM "OTTER_Wrapper/my_otter/OTTER_MEMORY/memory_reg"
INFO: [Synth 8-7030] Implemented Non-Cascaded Block Ram (cascade_height = 1) of width 32 for RAM "OTTER_Wrapper/my_otter/OTTER_MEMORY/memory_reg"
INFO: [Synth 8-7030] Implemented Non-Cascaded Block Ram (cascade_height = 1) of width 32 for RAM "OTTER_Wrapper/my_otter/OTTER_MEMORY/memory_reg"
INFO: [Synth 8-7030] Implemented Non-Cascaded Block Ram (cascade_height = 1) of width 32 for RAM "OTTER_Wrapper/my_otter/OTTER_MEMORY/memory_reg"
INFO: [Synth 8-7030] Implemented Non-Cascaded Block Ram (cascade_height = 1) of width 32 for RAM "OTTER_Wrapper/my_otter/OTTER_MEMORY/memory_reg"
INFO: [Synth 8-7030] Implemented Non-Cascaded Block Ram (cascade_height = 1) of width 32 for RAM "OTTER_Wrapper/my_otter/OTTER_MEMORY/memory_reg"
INFO: [Synth 8-7030] Implemented Non-Cascaded Block Ram (cascade_height = 1) of width 32 for RAM "OTTER_Wrapper/my_otter/OTTER_MEMORY/memory_reg"
INFO: [Synth 8-7030] Implemented Non-Cascaded Block Ram (cascade_height = 1) of width 32 for RAM "OTTER_Wrapper/my_otter/OTTER_MEMORY/memory_reg"
INFO: [Synth 8-7030] Implemented Non-Cascaded Block Ram (cascade_height = 1) of width 32 for RAM "OTTER_Wrapper/my_otter/OTTER_MEMORY/memory_reg"
INFO: [Synth 8-7030] Implemented Non-Cascaded Block Ram (cascade_height = 1) of width 32 for RAM "OTTER_Wrapper/my_otter/OTTER_MEMORY/memory_reg"
INFO: [Synth 8-7030] Implemented Non-Cascaded Block Ram (cascade_height = 1) of width 32 for RAM "OTTER_Wrapper/my_otter/OTTER_MEMORY/memory_reg"
---------------------------------------------------------------------------------
Finished Cross Boundary and Area Optimization : Time (s): cpu = 00:00:20 ; elapsed = 00:00:20 . Memory (MB): peak = 1329.766 ; gain = 532.754
---------------------------------------------------------------------------------
---------------------------------------------------------------------------------
Start ROM, RAM, DSP, Shift Register and Retiming Reporting
---------------------------------------------------------------------------------

Block RAM: Preliminary Mapping Report (see note below)
+--------------+----------------------------------+------------------------+---+---+------------------------+---+---+------------------+--------+--------+
|Module Name   | RTL Object                       | PORT A (Depth x Width) | W | R | PORT B (Depth x Width) | W | R | Ports driving FF | RAMB18 | RAMB36 | 
+--------------+----------------------------------+------------------------+---+---+------------------------+---+---+------------------+--------+--------+
|OTTER_Wrapper | my_otter/OTTER_MEMORY/memory_reg | 16 K x 32(READ_FIRST)  | W | R | 16 K x 32(WRITE_FIRST) |   | R | Port A and B     | 0      | 16     | 
+--------------+----------------------------------+------------------------+---+---+------------------------+---+---+------------------+--------+--------+

Note: The table above is a preliminary report that shows the Block RAMs at the current stage of the synthesis flow. Some Block RAMs may be reimplemented as non Block RAM primitives later in the synthesis flow. Multiple instantiated Block RAMs are reported only once. 

Distributed RAM: Preliminary Mapping Report (see note below)
+--------------+--------------------------------+-----------+----------------------+--------------+
|Module Name   | RTL Object                     | Inference | Size (Depth x Width) | Primitives   | 
+--------------+--------------------------------+-----------+----------------------+--------------+
|OTTER_Wrapper | my_otter/REG_FILE/reg_file_reg | Implied   | 32 x 32              | RAM32M x 12  | 
+--------------+--------------------------------+-----------+----------------------+--------------+

Note: The table above is a preliminary report that shows the Distributed RAMs at the current stage of the synthesis flow. Some Distributed RAMs may be reimplemented as non Distributed RAM primitives later in the synthesis flow. Multiple instantiated RAMs are reported only once.
---------------------------------------------------------------------------------
Finished ROM, RAM, DSP, Shift Register and Retiming Reporting
---------------------------------------------------------------------------------
---------------------------------------------------------------------------------
Start Applying XDC Timing Constraints
---------------------------------------------------------------------------------
---------------------------------------------------------------------------------
Finished Applying XDC Timing Constraints : Time (s): cpu = 00:00:24 ; elapsed = 00:00:25 . Memory (MB): peak = 1329.766 ; gain = 532.754
---------------------------------------------------------------------------------
---------------------------------------------------------------------------------
Start Timing Optimization
---------------------------------------------------------------------------------
---------------------------------------------------------------------------------
Finished Timing Optimization : Time (s): cpu = 00:00:25 ; elapsed = 00:00:25 . Memory (MB): peak = 1329.766 ; gain = 532.754
---------------------------------------------------------------------------------
---------------------------------------------------------------------------------
Start ROM, RAM, DSP, Shift Register and Retiming Reporting
---------------------------------------------------------------------------------

Block RAM: Final Mapping Report
+--------------+----------------------------------+------------------------+---+---+------------------------+---+---+------------------+--------+--------+
|Module Name   | RTL Object                       | PORT A (Depth x Width) | W | R | PORT B (Depth x Width) | W | R | Ports driving FF | RAMB18 | RAMB36 | 
+--------------+----------------------------------+------------------------+---+---+------------------------+---+---+------------------+--------+--------+
|OTTER_Wrapper | my_otter/OTTER_MEMORY/memory_reg | 16 K x 32(READ_FIRST)  | W | R | 16 K x 32(WRITE_FIRST) |   | R | Port A and B     | 0      | 16     | 
+--------------+----------------------------------+------------------------+---+---+------------------------+---+---+------------------+--------+--------+


Distributed RAM: Final Mapping Report
+--------------+--------------------------------+-----------+----------------------+--------------+
|Module Name   | RTL Object                     | Inference | Size (Depth x Width) | Primitives   | 
+--------------+--------------------------------+-----------+----------------------+--------------+
|OTTER_Wrapper | my_otter/REG_FILE/reg_file_reg | Implied   | 32 x 32              | RAM32M x 12  | 
+--------------+--------------------------------+-----------+----------------------+--------------+

---------------------------------------------------------------------------------
Finished ROM, RAM, DSP, Shift Register and Retiming Reporting
---------------------------------------------------------------------------------
---------------------------------------------------------------------------------
Start Technology Mapping
---------------------------------------------------------------------------------
INFO: [Synth 8-7052] The timing for the instance my_otter/OTTER_MEMORY/memory_reg_bram_0 (implemented as a Block RAM) might be sub-optimal as no optional output register could be merged into the ram block. Providing additional output register may help in improving timing.
INFO: [Synth 8-7052] The timing for the instance my_otter/OTTER_MEMORY/memory_reg_bram_0 (implemented as a Block RAM) might be sub-optimal as no optional output register could be merged into the ram block. Providing additional output register may help in improving timing.
INFO: [Synth 8-7052] The timing for the instance my_otter/OTTER_MEMORY/memory_reg_bram_1 (implemented as a Block RAM) might be sub-optimal as no optional output register could be merged into the ram block. Providing additional output register may help in improving timing.
INFO: [Synth 8-7052] The timing for the instance my_otter/OTTER_MEMORY/memory_reg_bram_1 (implemented as a Block RAM) might be sub-optimal as no optional output register could be merged into the ram block. Providing additional output register may help in improving timing.
INFO: [Synth 8-7052] The timing for the instance my_otter/OTTER_MEMORY/memory_reg_bram_2 (implemented as a Block RAM) might be sub-optimal as no optional output register could be merged into the ram block. Providing additional output register may help in improving timing.
INFO: [Synth 8-7052] The timing for the instance my_otter/OTTER_MEMORY/memory_reg_bram_2 (implemented as a Block RAM) might be sub-optimal as no optional output register could be merged into the ram block. Providing additional output register may help in improving timing.
INFO: [Synth 8-7052] The timing for the instance my_otter/OTTER_MEMORY/memory_reg_bram_3 (implemented as a Block RAM) might be sub-optimal as no optional output register could be merged into the ram block. Providing additional output register may help in improving timing.
INFO: [Synth 8-7052] The timing for the instance my_otter/OTTER_MEMORY/memory_reg_bram_3 (implemented as a Block RAM) might be sub-optimal as no optional output register could be merged into the ram block. Providing additional output register may help in improving timing.
INFO: [Synth 8-7052] The timing for the instance my_otter/OTTER_MEMORY/memory_reg_bram_4 (implemented as a Block RAM) might be sub-optimal as no optional output register could be merged into the ram block. Providing additional output register may help in improving timing.
INFO: [Synth 8-7052] The timing for the instance my_otter/OTTER_MEMORY/memory_reg_bram_4 (implemented as a Block RAM) might be sub-optimal as no optional output register could be merged into the ram block. Providing additional output register may help in improving timing.
INFO: [Synth 8-7052] The timing for the instance my_otter/OTTER_MEMORY/memory_reg_bram_5 (implemented as a Block RAM) might be sub-optimal as no optional output register could be merged into the ram block. Providing additional output register may help in improving timing.
INFO: [Synth 8-7052] The timing for the instance my_otter/OTTER_MEMORY/memory_reg_bram_5 (implemented as a Block RAM) might be sub-optimal as no optional output register could be merged into the ram block. Providing additional output register may help in improving timing.
INFO: [Synth 8-7052] The timing for the instance my_otter/OTTER_MEMORY/memory_reg_bram_6 (implemented as a Block RAM) might be sub-optimal as no optional output register could be merged into the ram block. Providing additional output register may help in improving timing.
INFO: [Synth 8-7052] The timing for the instance my_otter/OTTER_MEMORY/memory_reg_bram_6 (implemented as a Block RAM) might be sub-optimal as no optional output register could be merged into the ram block. Providing additional output register may help in improving timing.
INFO: [Synth 8-7052] The timing for the instance my_otter/OTTER_MEMORY/memory_reg_bram_7 (implemented as a Block RAM) might be sub-optimal as no optional output register could be merged into the ram block. Providing additional output register may help in improving timing.
INFO: [Synth 8-7052] The timing for the instance my_otter/OTTER_MEMORY/memory_reg_bram_7 (implemented as a Block RAM) might be sub-optimal as no optional output register could be merged into the ram block. Providing additional output register may help in improving timing.
INFO: [Synth 8-7052] The timing for the instance my_otter/OTTER_MEMORY/memory_reg_bram_8 (implemented as a Block RAM) might be sub-optimal as no optional output register could be merged into the ram block. Providing additional output register may help in improving timing.
INFO: [Synth 8-7052] The timing for the instance my_otter/OTTER_MEMORY/memory_reg_bram_8 (implemented as a Block RAM) might be sub-optimal as no optional output register could be merged into the ram block. Providing additional output register may help in improving timing.
INFO: [Synth 8-7052] The timing for the instance my_otter/OTTER_MEMORY/memory_reg_bram_9 (implemented as a Block RAM) might be sub-optimal as no optional output register could be merged into the ram block. Providing additional output register may help in improving timing.
INFO: [Synth 8-7052] The timing for the instance my_otter/OTTER_MEMORY/memory_reg_bram_9 (implemented as a Block RAM) might be sub-optimal as no optional output register could be merged into the ram block. Providing additional output register may help in improving timing.
INFO: [Synth 8-7052] The timing for the instance my_otter/OTTER_MEMORY/memory_reg_bram_10 (implemented as a Block RAM) might be sub-optimal as no optional output register could be merged into the ram block. Providing additional output register may help in improving timing.
INFO: [Synth 8-7052] The timing for the instance my_otter/OTTER_MEMORY/memory_reg_bram_10 (implemented as a Block RAM) might be sub-optimal as no optional output register could be merged into the ram block. Providing additional output register may help in improving timing.
INFO: [Synth 8-7052] The timing for the instance my_otter/OTTER_MEMORY/memory_reg_bram_11 (implemented as a Block RAM) might be sub-optimal as no optional output register could be merged into the ram block. Providing additional output register may help in improving timing.
INFO: [Synth 8-7052] The timing for the instance my_otter/OTTER_MEMORY/memory_reg_bram_11 (implemented as a Block RAM) might be sub-optimal as no optional output register could be merged into the ram block. Providing additional output register may help in improving timing.
INFO: [Synth 8-7052] The timing for the instance my_otter/OTTER_MEMORY/memory_reg_bram_12 (implemented as a Block RAM) might be sub-optimal as no optional output register could be merged into the ram block. Providing additional output register may help in improving timing.
INFO: [Synth 8-7052] The timing for the instance my_otter/OTTER_MEMORY/memory_reg_bram_12 (implemented as a Block RAM) might be sub-optimal as no optional output register could be merged into the ram block. Providing additional output register may help in improving timing.
INFO: [Synth 8-7052] The timing for the instance my_otter/OTTER_MEMORY/memory_reg_bram_13 (implemented as a Block RAM) might be sub-optimal as no optional output register could be merged into the ram block. Providing additional output register may help in improving timing.
INFO: [Synth 8-7052] The timing for the instance my_otter/OTTER_MEMORY/memory_reg_bram_13 (implemented as a Block RAM) might be sub-optimal as no optional output register could be merged into the ram block. Providing additional output register may help in improving timing.
INFO: [Synth 8-7052] The timing for the instance my_otter/OTTER_MEMORY/memory_reg_bram_14 (implemented as a Block RAM) might be sub-optimal as no optional output register could be merged into the ram block. Providing additional output register may help in improving timing.
INFO: [Synth 8-7052] The timing for the instance my_otter/OTTER_MEMORY/memory_reg_bram_14 (implemented as a Block RAM) might be sub-optimal as no optional output register could be merged into the ram block. Providing additional output register may help in improving timing.
INFO: [Synth 8-7052] The timing for the instance my_otter/OTTER_MEMORY/memory_reg_bram_15 (implemented as a Block RAM) might be sub-optimal as no optional output register could be merged into the ram block. Providing additional output register may help in improving timing.
INFO: [Synth 8-7052] The timing for the instance my_otter/OTTER_MEMORY/memory_reg_bram_15 (implemented as a Block RAM) might be sub-optimal as no optional output register could be merged into the ram block. Providing additional output register may help in improving timing.
---------------------------------------------------------------------------------
Finished Technology Mapping : Time (s): cpu = 00:00:25 ; elapsed = 00:00:25 . Memory (MB): peak = 1336.445 ; gain = 539.434
---------------------------------------------------------------------------------
---------------------------------------------------------------------------------
Start IO Insertion
---------------------------------------------------------------------------------
---------------------------------------------------------------------------------
Start Flattening Before IO Insertion
---------------------------------------------------------------------------------
---------------------------------------------------------------------------------
Finished Flattening Before IO Insertion
---------------------------------------------------------------------------------
---------------------------------------------------------------------------------
Start Final Netlist Cleanup
---------------------------------------------------------------------------------
---------------------------------------------------------------------------------
Finished Final Netlist Cleanup
---------------------------------------------------------------------------------
---------------------------------------------------------------------------------
Finished IO Insertion : Time (s): cpu = 00:00:29 ; elapsed = 00:00:29 . Memory (MB): peak = 1351.246 ; gain = 554.234
---------------------------------------------------------------------------------
---------------------------------------------------------------------------------
Start Renaming Generated Instances
---------------------------------------------------------------------------------
---------------------------------------------------------------------------------
Finished Renaming Generated Instances : Time (s): cpu = 00:00:29 ; elapsed = 00:00:29 . Memory (MB): peak = 1351.246 ; gain = 554.234
---------------------------------------------------------------------------------
---------------------------------------------------------------------------------
Start Rebuilding User Hierarchy
---------------------------------------------------------------------------------
---------------------------------------------------------------------------------
Finished Rebuilding User Hierarchy : Time (s): cpu = 00:00:29 ; elapsed = 00:00:29 . Memory (MB): peak = 1351.246 ; gain = 554.234
---------------------------------------------------------------------------------
---------------------------------------------------------------------------------
Start Renaming Generated Ports
---------------------------------------------------------------------------------
---------------------------------------------------------------------------------
Finished Renaming Generated Ports : Time (s): cpu = 00:00:29 ; elapsed = 00:00:29 . Memory (MB): peak = 1351.246 ; gain = 554.234
---------------------------------------------------------------------------------
---------------------------------------------------------------------------------
Start Handling Custom Attributes
---------------------------------------------------------------------------------
---------------------------------------------------------------------------------
Finished Handling Custom Attributes : Time (s): cpu = 00:00:29 ; elapsed = 00:00:29 . Memory (MB): peak = 1351.309 ; gain = 554.297
---------------------------------------------------------------------------------
---------------------------------------------------------------------------------
Start Renaming Generated Nets
---------------------------------------------------------------------------------
---------------------------------------------------------------------------------
Finished Renaming Generated Nets : Time (s): cpu = 00:00:29 ; elapsed = 00:00:29 . Memory (MB): peak = 1351.309 ; gain = 554.297
---------------------------------------------------------------------------------
---------------------------------------------------------------------------------
Start Writing Synthesis Report
---------------------------------------------------------------------------------

Report BlackBoxes: 
+-+--------------+----------+
| |BlackBox name |Instances |
+-+--------------+----------+
+-+--------------+----------+

Report Cell Usage: 
+------+---------+------+
|      |Cell     |Count |
+------+---------+------+
|1     |BUFG     |     2|
|2     |CARRY4   |    24|
|3     |LUT1     |     4|
|4     |LUT2     |    71|
|5     |LUT3     |    82|
|6     |LUT4     |    43|
|7     |LUT5     |    89|
|8     |LUT6     |   484|
|9     |MUXF7    |   128|
|10    |MUXF8    |    64|
|11    |RAM32M   |    10|
|12    |RAM32X1D |     4|
|13    |RAMB36E1 |    16|
|15    |FDCE     |    31|
|16    |FDRE     |    89|
|17    |FDSE     |     1|
|18    |IBUF     |    22|
|19    |OBUF     |    28|
+------+---------+------+
---------------------------------------------------------------------------------
Finished Writing Synthesis Report : Time (s): cpu = 00:00:29 ; elapsed = 00:00:29 . Memory (MB): peak = 1351.309 ; gain = 554.297
---------------------------------------------------------------------------------
Synthesis finished with 0 errors, 0 critical warnings and 2 warnings.
Synthesis Optimization Runtime : Time (s): cpu = 00:00:21 ; elapsed = 00:00:28 . Memory (MB): peak = 1351.309 ; gain = 536.148
Synthesis Optimization Complete : Time (s): cpu = 00:00:29 ; elapsed = 00:00:29 . Memory (MB): peak = 1351.309 ; gain = 554.297
INFO: [Project 1-571] Translating synthesized netlist
Netlist sorting complete. Time (s): cpu = 00:00:00 ; elapsed = 00:00:00.020 . Memory (MB): peak = 1363.328 ; gain = 0.000
INFO: [Netlist 29-17] Analyzing 246 Unisim elements for replacement
INFO: [Netlist 29-28] Unisim Transformation completed in 0 CPU seconds
INFO: [Project 1-570] Preparing netlist for logic optimization
INFO: [Opt 31-138] Pushed 0 inverter(s) to 0 load pin(s).
Netlist sorting complete. Time (s): cpu = 00:00:00 ; elapsed = 00:00:00 . Memory (MB): peak = 1366.988 ; gain = 0.000
INFO: [Project 1-111] Unisim Transformation Summary:
  A total of 14 instances were transformed.
  RAM32M => RAM32M (RAMD32(x6), RAMS32(x2)): 10 instances
  RAM32X1D => RAM32X1D (RAMD32(x2)): 4 instances

Synth Design complete, checksum: 13e8802b
INFO: [Common 17-83] Releasing license: Synthesis
116 Infos, 14 Warnings, 0 Critical Warnings and 0 Errors encountered.
synth_design completed successfully
synth_design: Time (s): cpu = 00:00:33 ; elapsed = 00:00:34 . Memory (MB): peak = 1366.988 ; gain = 947.059
INFO: [Common 17-1381] The checkpoint 'C:/Users/Armaan/RISCV/RISCV.runs/synth_1/OTTER_Wrapper.dcp' has been generated.
INFO: [runtcl-4] Executing : report_utilization -file OTTER_Wrapper_utilization_synth.rpt -pb OTTER_Wrapper_utilization_synth.pb
INFO: [Common 17-206] Exiting Vivado at Mon May 15 16:36:34 2023...
